<?xml version="1.0" encoding="UTF-8"?>
<coverage generated="1773103283991" clover="3.2.0">
  <project timestamp="1773103283992" name="All files">
    <metrics statements="13" coveredstatements="6" conditionals="10" coveredconditionals="4" methods="2" coveredmethods="1" elements="25" coveredelements="11" complexity="0" loc="13" ncloc="13" packages="1" files="2" classes="2"/>
    <file name="nome.js" path="C:\3faseTeste\3fase-Teste-de-Sistemas\09-03-2026\tests\nome.js">
      <metrics statements="10" coveredstatements="6" conditionals="8" coveredconditionals="4" methods="1" coveredmethods="1"/>
      <line num="4" count="1" type="cond" truecount="1" falsecount="1"/>
      <line num="5" count="0" type="stmt"/>
      <line num="9" count="1" type="cond" truecount="1" falsecount="1"/>
      <line num="10" count="0" type="stmt"/>
      <line num="14" count="1" type="stmt"/>
      <line num="17" count="1" type="cond" truecount="1" falsecount="1"/>
      <line num="18" count="0" type="stmt"/>
      <line num="22" count="1" type="cond" truecount="1" falsecount="1"/>
      <line num="23" count="1" type="stmt"/>
      <line num="26" count="0" type="stmt"/>
    </file>
    <file name="sum.js" path="C:\3faseTeste\3fase-Teste-de-Sistemas\09-03-2026\tests\sum.js">
      <metrics statements="3" coveredstatements="0" conditionals="2" coveredconditionals="0" methods="1" coveredmethods="0"/>
      <line num="2" count="0" type="cond" truecount="0" falsecount="2"/>
      <line num="3" count="0" type="stmt"/>
      <line num="5" count="0" type="stmt"/>
    </file>
  </project>
</coverage>
